2025-10-01 21:57:58.390: [INFO] VisibilityChanged: 0
2025-10-01 21:57:58.415: [INFO] RecordSyncInitDuration has_sync_been_enabled: 0 state: 0
2025-10-01 21:57:58.416: [INFO] RecordSyncInitDuration has_sync_been_enabled: 0 state: 0
2025-10-01 21:57:58.417: [INFO] RecordSyncInitDuration has_sync_been_enabled: 0 state: 0
2025-10-01 21:57:58.418: [INFO] RecordSyncInitDuration has_sync_been_enabled: 0 state: 0
2025-10-01 21:57:58.419: [INFO] RecordSyncInitDuration has_sync_been_enabled: 0 state: 0
2025-10-01 21:57:58.419: [INFO] RecordSyncInitDuration has_sync_been_enabled: 0 state: 0
2025-10-01 21:57:58.420: [INFO] RecordSyncInitDuration has_sync_been_enabled: 0 state: 0
2025-10-01 21:57:58.421: [INFO] RecordSyncInitDuration has_sync_been_enabled: 0 state: 0
2025-10-01 21:57:58.422: [INFO] RecordSyncInitDuration has_sync_been_enabled: 0 state: 0
2025-10-01 21:57:58.422: [INFO] RecordSyncInitDuration has_sync_been_enabled: 0 state: 0
2025-10-01 21:57:58.423: [INFO] RecordSyncInitDuration has_sync_been_enabled: 0 state: 0
2025-10-01 21:57:58.428: [INFO] BookmarkModelLoaded, ids_reassigned: 0
2025-10-01 21:57:58.428: [INFO] OnDoneLoading sync enabled: 0
2025-10-01 21:57:58.458: [INFO] RecordSyncInitDuration has_sync_been_enabled: 0 state: 0
2025-10-01 21:57:58.494: [INFO] RecordSyncInitDuration has_sync_been_enabled: 0 state: 3
2025-10-01 21:57:58.495: [INFO] Primary account changed.
2025-10-01 21:57:58.495: [INFO] OnPrimaryAccountChanged PrimaryAccountChangeEvent::Type::kSet
2025-10-01 21:57:58.497: [INFO] RecordSyncInitDuration has_sync_been_enabled: 0 state: 3
2025-10-01 21:58:01.223: [INFO] VisibilityChanged: 1
2025-10-01 21:58:02.062: [INFO] BookmarkNodeAdded, ABU: 0
2025-10-01 21:58:02.062: [INFO] BookmarkNodeAdded, ABU: 0
2025-10-01 21:58:02.062: [INFO] BookmarkNodeAdded, ABU: 0
2025-10-01 21:58:02.062: [INFO] BookmarkNodeAdded, ABU: 0
2025-10-01 21:58:02.062: [INFO] BookmarkNodeAdded, ABU: 0
2025-10-01 21:58:02.062: [INFO] BookmarkNodeAdded, ABU: 0
2025-10-01 21:58:02.062: [INFO] BookmarkNodeAdded, ABU: 0
2025-10-01 21:58:02.062: [INFO] BookmarkNodeAdded, ABU: 0
2025-10-01 21:58:02.062: [INFO] BookmarkNodeAdded, ABU: 0
2025-10-01 21:58:02.062: [INFO] BookmarkNodeAdded, ABU: 0
2025-10-01 21:58:02.062: [INFO] BookmarkNodeAdded, ABU: 0
2025-10-01 21:58:02.062: [INFO] BookmarkNodeAdded, ABU: 0
2025-10-01 21:58:02.062: [INFO] BookmarkNodeAdded, ABU: 0
2025-10-01 21:58:02.062: [INFO] BookmarkNodeAdded, ABU: 0
2025-10-01 21:58:02.062: [INFO] BookmarkNodeAdded, ABU: 0
2025-10-01 21:58:02.062: [INFO] BookmarkNodeAdded, ABU: 0
2025-10-01 21:58:02.062: [INFO] BookmarkNodeAdded, ABU: 0
2025-10-01 21:58:02.062: [INFO] BookmarkNodeAdded, ABU: 0
2025-10-01 21:58:02.063: [INFO] BookmarkNodeAdded, ABU: 0
2025-10-01 21:58:02.063: [INFO] BookmarkNodeAdded, ABU: 0
2025-10-01 21:58:02.063: [INFO] BookmarkNodeAdded, ABU: 0
2025-10-01 21:58:02.063: [INFO] BookmarkNodeAdded, ABU: 0
2025-10-01 21:58:02.063: [INFO] BookmarkNodeAdded, ABU: 0
2025-10-01 21:58:02.064: [INFO] BookmarkNodeAdded, ABU: 0
2025-10-01 21:58:02.064: [INFO] BookmarkNodeAdded, ABU: 0
2025-10-01 21:58:02.064: [INFO] BookmarkNodeAdded, ABU: 0
2025-10-01 21:58:02.064: [INFO] BookmarkNodeAdded, ABU: 0
2025-10-01 21:58:02.064: [INFO] BookmarkNodeAdded, ABU: 0
2025-10-01 21:58:02.064: [INFO] BookmarkNodeAdded, ABU: 0
2025-10-01 21:58:02.064: [INFO] BookmarkNodeAdded, ABU: 0
2025-10-01 21:58:02.064: [INFO] BookmarkNodeAdded, ABU: 0
2025-10-01 21:58:02.064: [INFO] BookmarkNodeAdded, ABU: 0
2025-10-01 21:58:02.064: [INFO] BookmarkNodeAdded, ABU: 0
2025-10-01 21:58:02.064: [INFO] BookmarkNodeAdded, ABU: 0
2025-10-01 21:58:02.064: [INFO] BookmarkNodeAdded, ABU: 0
2025-10-01 21:58:02.064: [INFO] BookmarkNodeAdded, ABU: 0
2025-10-01 21:58:02.064: [INFO] BookmarkNodeAdded, ABU: 0
2025-10-01 21:58:02.064: [INFO] BookmarkNodeAdded, ABU: 0
2025-10-01 21:58:02.064: [INFO] BookmarkNodeAdded, ABU: 0
2025-10-01 21:58:02.064: [INFO] BookmarkNodeAdded, ABU: 0
2025-10-01 21:58:02.064: [INFO] BookmarkNodeAdded, ABU: 0
2025-10-01 21:58:02.064: [INFO] BookmarkNodeAdded, ABU: 0
2025-10-01 21:58:02.064: [INFO] BookmarkNodeAdded, ABU: 0
2025-10-01 21:58:02.064: [INFO] BookmarkNodeAdded, ABU: 0
2025-10-01 21:58:02.064: [INFO] BookmarkNodeAdded, ABU: 0
2025-10-01 21:58:02.065: [INFO] BookmarkNodeAdded, ABU: 0
2025-10-01 21:58:02.065: [INFO] BookmarkNodeAdded, ABU: 0
2025-10-01 21:58:02.065: [INFO] BookmarkNodeAdded, ABU: 0
2025-10-01 21:58:02.065: [INFO] BookmarkNodeAdded, ABU: 0
2025-10-01 21:58:02.065: [INFO] BookmarkNodeAdded, ABU: 0
2025-10-01 21:58:02.065: [INFO] BookmarkNodeAdded, ABU: 0
2025-10-01 21:58:02.065: [INFO] BookmarkNodeAdded, ABU: 0
2025-10-01 21:58:02.065: [INFO] BookmarkNodeAdded, ABU: 0
2025-10-01 21:58:02.065: [INFO] BookmarkNodeAdded, ABU: 0
2025-10-01 21:58:02.065: [INFO] BookmarkNodeAdded, ABU: 0
2025-10-01 21:58:02.065: [INFO] BookmarkNodeAdded, ABU: 0
2025-10-01 21:58:02.065: [INFO] BookmarkNodeAdded, ABU: 0
2025-10-01 21:58:02.065: [INFO] BookmarkNodeAdded, ABU: 0
2025-10-01 21:58:02.065: [INFO] BookmarkNodeAdded, ABU: 0
2025-10-01 21:58:02.065: [INFO] BookmarkNodeAdded, ABU: 0
2025-10-01 21:58:02.065: [INFO] BookmarkNodeAdded, ABU: 0
2025-10-01 21:58:02.065: [INFO] BookmarkNodeAdded, ABU: 0
2025-10-01 21:58:02.065: [INFO] BookmarkNodeAdded, ABU: 0
2025-10-01 21:58:02.065: [INFO] BookmarkNodeAdded, ABU: 0
2025-10-01 21:58:02.065: [INFO] BookmarkNodeAdded, ABU: 0
2025-10-01 21:58:02.065: [INFO] BookmarkNodeAdded, ABU: 0
2025-10-01 21:58:02.065: [INFO] BookmarkNodeAdded, ABU: 0
2025-10-01 21:58:02.065: [INFO] BookmarkNodeAdded, ABU: 0
2025-10-01 21:58:02.066: [INFO] BookmarkNodeAdded, ABU: 0
2025-10-01 21:58:02.066: [INFO] BookmarkNodeAdded, ABU: 0
2025-10-01 21:58:02.066: [INFO] BookmarkNodeAdded, ABU: 0
2025-10-01 21:58:02.066: [INFO] BookmarkNodeAdded, ABU: 0
2025-10-01 21:58:02.066: [INFO] BookmarkNodeAdded, ABU: 0
2025-10-01 21:58:02.066: [INFO] BookmarkNodeAdded, ABU: 0
2025-10-01 21:58:02.066: [INFO] BookmarkNodeAdded, ABU: 0
2025-10-01 21:58:02.066: [INFO] BookmarkNodeAdded, ABU: 0
2025-10-01 21:58:02.066: [INFO] BookmarkNodeAdded, ABU: 0
2025-10-01 21:58:02.066: [INFO] BookmarkNodeAdded, ABU: 0
2025-10-01 21:58:02.066: [INFO] BookmarkNodeAdded, ABU: 0
2025-10-01 21:58:02.066: [INFO] BookmarkNodeAdded, ABU: 0
2025-10-01 21:58:02.066: [INFO] BookmarkNodeAdded, ABU: 0
2025-10-01 21:58:02.066: [INFO] BookmarkNodeAdded, ABU: 0
2025-10-01 21:58:02.066: [INFO] BookmarkNodeAdded, ABU: 0
2025-10-01 21:58:02.066: [INFO] BookmarkNodeAdded, ABU: 0
2025-10-01 21:58:02.066: [INFO] BookmarkNodeAdded, ABU: 0
2025-10-01 21:58:02.066: [INFO] BookmarkNodeAdded, ABU: 0
2025-10-01 21:58:02.066: [INFO] BookmarkNodeAdded, ABU: 0
2025-10-01 21:58:02.066: [INFO] BookmarkNodeAdded, ABU: 0
2025-10-01 21:58:02.066: [INFO] BookmarkNodeAdded, ABU: 0
2025-10-01 21:58:02.067: [INFO] BookmarkNodeAdded, ABU: 0
2025-10-01 21:58:02.067: [INFO] BookmarkNodeAdded, ABU: 0
2025-10-01 21:58:02.067: [INFO] BookmarkNodeAdded, ABU: 0
2025-10-01 21:58:02.067: [INFO] BookmarkNodeAdded, ABU: 0
2025-10-01 21:58:02.067: [INFO] BookmarkNodeAdded, ABU: 0
2025-10-01 21:58:02.067: [INFO] BookmarkNodeAdded, ABU: 0
2025-10-01 21:58:02.067: [INFO] BookmarkNodeAdded, ABU: 0
2025-10-01 21:58:02.067: [INFO] BookmarkNodeAdded, ABU: 0
2025-10-01 21:58:02.067: [INFO] BookmarkNodeAdded, ABU: 0
2025-10-01 21:58:02.067: [INFO] BookmarkNodeAdded, ABU: 0
2025-10-01 21:58:02.067: [INFO] BookmarkNodeAdded, ABU: 0
2025-10-01 21:58:02.067: [INFO] BookmarkNodeAdded, ABU: 0
2025-10-01 21:58:02.067: [INFO] BookmarkNodeAdded, ABU: 0
2025-10-01 21:58:02.067: [INFO] BookmarkNodeAdded, ABU: 0
2025-10-01 21:58:02.067: [INFO] BookmarkNodeAdded, ABU: 0
2025-10-01 21:58:02.067: [INFO] BookmarkNodeAdded, ABU: 0
2025-10-01 21:58:02.067: [INFO] BookmarkNodeAdded, ABU: 0
2025-10-01 21:58:02.067: [INFO] BookmarkNodeAdded, ABU: 0
2025-10-01 21:58:02.067: [INFO] BookmarkNodeAdded, ABU: 0
2025-10-01 21:58:02.067: [INFO] BookmarkNodeAdded, ABU: 0
2025-10-01 21:58:02.067: [INFO] BookmarkNodeAdded, ABU: 0
2025-10-01 21:58:02.068: [INFO] BookmarkNodeAdded, ABU: 0
2025-10-01 21:58:02.068: [INFO] BookmarkNodeAdded, ABU: 0
2025-10-01 21:58:02.068: [INFO] BookmarkNodeAdded, ABU: 0
2025-10-01 21:58:02.068: [INFO] BookmarkNodeAdded, ABU: 0
2025-10-01 21:58:02.068: [INFO] BookmarkNodeAdded, ABU: 0
2025-10-01 21:58:02.068: [INFO] BookmarkNodeAdded, ABU: 0
2025-10-01 21:58:02.068: [INFO] BookmarkNodeAdded, ABU: 0
2025-10-01 21:58:02.068: [INFO] BookmarkNodeAdded, ABU: 0
2025-10-01 21:58:02.068: [INFO] BookmarkNodeAdded, ABU: 0
2025-10-01 21:58:02.068: [INFO] BookmarkNodeAdded, ABU: 0
2025-10-01 21:58:02.068: [INFO] BookmarkNodeAdded, ABU: 0
2025-10-01 21:58:02.068: [INFO] BookmarkNodeAdded, ABU: 0
2025-10-01 21:58:02.068: [INFO] BookmarkNodeAdded, ABU: 0
2025-10-01 21:58:02.068: [INFO] BookmarkNodeAdded, ABU: 0
2025-10-01 21:58:02.068: [INFO] BookmarkNodeAdded, ABU: 0
2025-10-01 21:58:02.068: [INFO] BookmarkNodeAdded, ABU: 0
2025-10-01 21:58:02.068: [INFO] BookmarkNodeAdded, ABU: 0
2025-10-01 21:58:02.068: [INFO] BookmarkNodeAdded, ABU: 0
2025-10-01 21:58:02.068: [INFO] BookmarkNodeAdded, ABU: 0
2025-10-01 21:58:02.068: [INFO] BookmarkNodeAdded, ABU: 0
2025-10-01 21:58:02.068: [INFO] BookmarkNodeAdded, ABU: 0
2025-10-01 21:58:02.068: [INFO] BookmarkNodeAdded, ABU: 0
2025-10-01 21:58:02.069: [INFO] BookmarkNodeAdded, ABU: 0
2025-10-01 21:58:02.069: [INFO] BookmarkNodeAdded, ABU: 0
2025-10-01 21:58:02.069: [INFO] BookmarkNodeAdded, ABU: 0
2025-10-01 21:58:02.069: [INFO] BookmarkNodeAdded, ABU: 0
2025-10-01 21:58:02.069: [INFO] BookmarkNodeAdded, ABU: 0
2025-10-01 21:58:02.069: [INFO] BookmarkNodeAdded, ABU: 0
2025-10-01 21:58:02.069: [INFO] BookmarkNodeAdded, ABU: 0
2025-10-01 21:58:02.069: [INFO] BookmarkNodeAdded, ABU: 0
2025-10-01 21:58:02.069: [INFO] BookmarkNodeAdded, ABU: 0
2025-10-01 21:58:02.069: [INFO] BookmarkNodeAdded, ABU: 0
2025-10-01 21:58:02.069: [INFO] BookmarkNodeAdded, ABU: 0
2025-10-01 21:58:02.069: [INFO] BookmarkNodeAdded, ABU: 0
2025-10-01 21:58:02.069: [INFO] BookmarkNodeAdded, ABU: 0
2025-10-01 21:58:02.069: [INFO] BookmarkNodeAdded, ABU: 0
2025-10-01 21:58:02.069: [INFO] BookmarkNodeAdded, ABU: 0
2025-10-01 21:58:02.069: [INFO] BookmarkNodeAdded, ABU: 0
2025-10-01 21:58:02.069: [INFO] BookmarkNodeAdded, ABU: 0
2025-10-01 21:58:02.069: [INFO] BookmarkNodeAdded, ABU: 0
2025-10-01 21:58:02.069: [INFO] BookmarkNodeAdded, ABU: 0
2025-10-01 21:58:02.069: [INFO] BookmarkNodeAdded, ABU: 0
2025-10-01 21:58:02.069: [INFO] BookmarkNodeAdded, ABU: 0
2025-10-01 21:58:02.070: [INFO] BookmarkNodeAdded, ABU: 0
2025-10-01 21:58:02.070: [INFO] BookmarkNodeAdded, ABU: 0
2025-10-01 21:58:02.070: [INFO] BookmarkNodeAdded, ABU: 0
2025-10-01 21:58:02.070: [INFO] BookmarkNodeAdded, ABU: 0
2025-10-01 21:58:02.070: [INFO] BookmarkNodeAdded, ABU: 0
2025-10-01 21:58:02.070: [INFO] BookmarkNodeAdded, ABU: 0
2025-10-01 21:58:02.070: [INFO] BookmarkNodeAdded, ABU: 0
2025-10-01 21:58:02.070: [INFO] BookmarkNodeAdded, ABU: 0
2025-10-01 21:58:02.070: [INFO] BookmarkNodeAdded, ABU: 0
2025-10-01 21:58:02.070: [INFO] BookmarkNodeAdded, ABU: 0
2025-10-01 21:58:02.070: [INFO] BookmarkNodeAdded, ABU: 0
2025-10-01 21:58:02.070: [INFO] BookmarkNodeAdded, ABU: 0
2025-10-01 21:58:02.070: [INFO] BookmarkNodeAdded, ABU: 0
2025-10-01 21:58:02.070: [INFO] BookmarkNodeAdded, ABU: 0
2025-10-01 21:58:02.070: [INFO] BookmarkNodeAdded, ABU: 0
2025-10-01 21:58:02.070: [INFO] BookmarkNodeAdded, ABU: 0
2025-10-01 21:58:02.070: [INFO] BookmarkNodeAdded, ABU: 0
2025-10-01 21:58:02.070: [INFO] BookmarkNodeAdded, ABU: 0
2025-10-01 21:58:02.070: [INFO] BookmarkNodeAdded, ABU: 0
2025-10-01 21:58:02.070: [INFO] BookmarkNodeAdded, ABU: 0
2025-10-01 21:58:02.070: [INFO] BookmarkNodeAdded, ABU: 0
2025-10-01 21:58:02.070: [INFO] BookmarkNodeAdded, ABU: 0
2025-10-01 21:58:02.071: [INFO] BookmarkNodeAdded, ABU: 0
2025-10-01 21:58:02.071: [INFO] BookmarkNodeAdded, ABU: 0
2025-10-01 21:58:02.071: [INFO] BookmarkNodeAdded, ABU: 0
2025-10-01 21:58:02.071: [INFO] BookmarkNodeAdded, ABU: 0
2025-10-01 21:58:02.071: [INFO] BookmarkNodeAdded, ABU: 0
2025-10-01 21:58:02.071: [INFO] BookmarkNodeAdded, ABU: 0
2025-10-01 21:58:02.071: [INFO] BookmarkNodeAdded, ABU: 0
2025-10-01 21:58:02.071: [INFO] BookmarkNodeAdded, ABU: 0
2025-10-01 21:58:02.071: [INFO] BookmarkNodeAdded, ABU: 0
2025-10-01 21:58:02.071: [INFO] BookmarkNodeAdded, ABU: 0
2025-10-01 21:58:02.071: [INFO] BookmarkNodeAdded, ABU: 0
2025-10-01 21:58:02.071: [INFO] BookmarkNodeAdded, ABU: 0
2025-10-01 21:58:02.071: [INFO] BookmarkNodeAdded, ABU: 0
2025-10-01 21:58:02.071: [INFO] BookmarkNodeAdded, ABU: 0
2025-10-01 21:58:02.071: [INFO] BookmarkNodeAdded, ABU: 0
2025-10-01 21:58:02.071: [INFO] BookmarkNodeAdded, ABU: 0
2025-10-01 21:58:02.071: [INFO] BookmarkNodeAdded, ABU: 0
2025-10-01 21:58:02.072: [INFO] BookmarkNodeAdded, ABU: 0
2025-10-01 21:58:02.072: [INFO] BookmarkNodeAdded, ABU: 0
2025-10-01 21:58:02.072: [INFO] BookmarkNodeAdded, ABU: 0
2025-10-01 21:58:02.072: [INFO] BookmarkNodeAdded, ABU: 0
2025-10-01 21:58:02.072: [INFO] BookmarkNodeAdded, ABU: 0
2025-10-01 21:58:02.072: [INFO] BookmarkNodeAdded, ABU: 0
2025-10-01 21:58:02.072: [INFO] BookmarkNodeAdded, ABU: 0
2025-10-01 21:58:02.072: [INFO] BookmarkNodeAdded, ABU: 0
2025-10-01 21:58:02.072: [INFO] BookmarkNodeAdded, ABU: 0
2025-10-01 21:58:02.072: [INFO] BookmarkNodeAdded, ABU: 0
2025-10-01 21:58:02.072: [INFO] BookmarkNodeAdded, ABU: 0
2025-10-01 21:58:02.072: [INFO] BookmarkNodeAdded, ABU: 0
2025-10-01 21:58:02.072: [INFO] BookmarkNodeAdded, ABU: 0
2025-10-01 21:58:02.072: [INFO] BookmarkNodeAdded, ABU: 0
2025-10-01 21:58:02.072: [INFO] BookmarkNodeAdded, ABU: 0
2025-10-01 21:58:02.072: [INFO] BookmarkNodeAdded, ABU: 0
2025-10-01 21:58:02.072: [INFO] BookmarkNodeAdded, ABU: 0
2025-10-01 21:58:02.072: [INFO] BookmarkNodeAdded, ABU: 0
2025-10-01 21:58:02.072: [INFO] BookmarkNodeAdded, ABU: 0
2025-10-01 21:58:02.072: [INFO] BookmarkNodeAdded, ABU: 0
2025-10-01 21:58:02.073: [INFO] BookmarkNodeAdded, ABU: 0
2025-10-01 21:58:02.073: [INFO] BookmarkNodeAdded, ABU: 0
2025-10-01 21:58:02.073: [INFO] BookmarkNodeAdded, ABU: 0
2025-10-01 21:58:02.073: [INFO] BookmarkNodeAdded, ABU: 0
2025-10-01 21:58:02.073: [INFO] BookmarkNodeAdded, ABU: 0
2025-10-01 21:58:02.073: [INFO] BookmarkNodeAdded, ABU: 0
2025-10-01 21:58:02.073: [INFO] BookmarkNodeAdded, ABU: 0
2025-10-01 21:58:02.073: [INFO] BookmarkNodeAdded, ABU: 0
2025-10-01 21:58:02.073: [INFO] BookmarkNodeAdded, ABU: 0
2025-10-01 21:58:02.073: [INFO] BookmarkNodeAdded, ABU: 0
2025-10-01 21:58:02.073: [INFO] BookmarkNodeAdded, ABU: 0
2025-10-01 21:58:02.073: [INFO] BookmarkNodeAdded, ABU: 0
2025-10-01 21:58:02.073: [INFO] BookmarkNodeAdded, ABU: 0
2025-10-01 21:58:02.073: [INFO] BookmarkNodeAdded, ABU: 0
2025-10-01 21:58:02.073: [INFO] BookmarkNodeAdded, ABU: 0
2025-10-01 21:58:02.073: [INFO] BookmarkNodeAdded, ABU: 0
2025-10-01 21:58:02.073: [INFO] BookmarkNodeAdded, ABU: 0
2025-10-01 21:58:02.073: [INFO] BookmarkNodeAdded, ABU: 0
2025-10-01 21:58:02.073: [INFO] BookmarkNodeAdded, ABU: 0
2025-10-01 21:58:02.073: [INFO] BookmarkNodeAdded, ABU: 0
2025-10-01 21:58:02.074: [INFO] BookmarkNodeAdded, ABU: 0
2025-10-01 21:58:02.074: [INFO] BookmarkNodeAdded, ABU: 0
2025-10-01 21:58:02.074: [INFO] BookmarkNodeAdded, ABU: 0
2025-10-01 21:58:02.074: [INFO] BookmarkNodeAdded, ABU: 0
2025-10-01 21:58:02.074: [INFO] BookmarkNodeAdded, ABU: 0
2025-10-01 21:58:02.074: [INFO] BookmarkNodeAdded, ABU: 0
2025-10-01 21:58:02.074: [INFO] BookmarkNodeAdded, ABU: 0
2025-10-01 21:58:02.074: [INFO] BookmarkNodeAdded, ABU: 0
2025-10-01 21:58:02.074: [INFO] BookmarkNodeAdded, ABU: 0
2025-10-01 21:58:02.074: [INFO] BookmarkNodeAdded, ABU: 0
2025-10-01 21:58:02.074: [INFO] BookmarkNodeAdded, ABU: 0
2025-10-01 21:58:02.074: [INFO] BookmarkNodeAdded, ABU: 0
2025-10-01 21:58:02.074: [INFO] BookmarkNodeAdded, ABU: 0
2025-10-01 21:58:02.074: [INFO] BookmarkNodeAdded, ABU: 0
2025-10-01 21:58:02.074: [INFO] BookmarkNodeAdded, ABU: 0
2025-10-01 21:58:02.074: [INFO] BookmarkNodeAdded, ABU: 0
2025-10-01 21:58:02.074: [INFO] BookmarkNodeAdded, ABU: 0
2025-10-01 21:58:02.074: [INFO] BookmarkNodeAdded, ABU: 0
2025-10-01 21:58:02.074: [INFO] BookmarkNodeAdded, ABU: 0
2025-10-01 21:58:02.074: [INFO] BookmarkNodeAdded, ABU: 0
2025-10-01 21:58:02.075: [INFO] BookmarkNodeAdded, ABU: 0
2025-10-01 21:58:02.075: [INFO] BookmarkNodeAdded, ABU: 0
2025-10-01 21:58:02.075: [INFO] BookmarkNodeAdded, ABU: 0
2025-10-01 21:58:02.075: [INFO] BookmarkNodeAdded, ABU: 0
2025-10-01 21:58:02.075: [INFO] BookmarkNodeAdded, ABU: 0
2025-10-01 21:58:02.075: [INFO] BookmarkNodeAdded, ABU: 0
2025-10-01 21:58:02.075: [INFO] BookmarkNodeAdded, ABU: 0
2025-10-01 21:58:02.075: [INFO] BookmarkNodeAdded, ABU: 0
2025-10-01 21:58:03.136: [INFO] Sync initialization duration: 4481ms
2025-10-01 21:59:00.831: [INFO] VisibilityChanged: 0
