{"logTime": "1001/215800", "correlationVector":"6reNeqp7n3PxoMKQRsXpMf.1","action":"SyncServerConnectionManagerRequest", "result":"SYNC_SERVER_OK", "context":{"environment":"Prod_westus2_prod-s01-035-nam-westus2", "migrationStage":"NotStarted", "server":"akswtt103000000"}}
{"logTime": "1001/215800", "correlationVector":"6reNeqp7n3PxoMKQRsXpMf.2","action":"ProcessGetUpdates", "result":"Done", "context":{"dataType":"Encryption Keys", "deleted":"0", "process_failed_to_decrypt":"0", "process_pending_decryption":"0", "process_success":"1", "total":"1"}}
{"logTime": "1001/215800", "correlationVector":"TCDjkj1OcyvCwYHmwZ2UE1","action":"SyncServerConnectionManagerRequest", "result":"SYNC_SERVER_OK", "context":{"environment":"", "migrationStage":"", "server":""}}
{"logTime": "1001/215800", "correlationVector":"TCDjkj1OcyvCwYHmwZ2UE1.0","action":"EncryptionKeysFetcher.DownloadKeys:", "result":"Success", "context":Key count: 8, Last key timestamp: 2025-04-08T03:25:52Z}
{"logTime": "1001/215800", "correlationVector":"TCDjkj1OcyvCwYHmwZ2UE1.1","action":"EncryptionKeysManager::SetEncryptionKeys:", "result":"Success", "context":Key names[8]:[ueaVzT3mVgQkvKta52wKa3x0gbAG+WmL2bGltJKcgdb+gUZgom6HTYFLg4ESKoyz/RkdKtypMeEJnCWtgSKyYQ==][wwSBdLdRtfNaSG5zYPikZoJ8/UZIY0EqhXuYfdG3VPE21/xAA4G926eUXtW/YiDS93j30NP5hOpgFxDi5htc6Q==][pluDglSdn1ADYlN21hXrPKENW6ZfyChu5D7KUPt+L1ysKBlNEyagVPN7sos+wFBsmiToO9uqDHz44J5E7oWg9A==][5Ewx28izo6JMk70Wwt8kd2G4vg+ykBPmA6sQy2v724LXa3gpBZXwnfxPZ/LkZJDLjiR5K5dkXPMxAPL0jjhMJg==][NGx+ACxQ/+d154zzat6HG2JCmCvu5SDav/gkbK8U/sM5nTc0Zu0Uzbg9BnzouiQVbhcE0YOMqo8CO0/N0hbM0w==][1CydLSLYMPXOY8NeV2X2/2lZ1kPfkG0DlQ13zU9vMRy8+NXxpHp5nUQ6xb4zjoBs+YtBFSLqUqcs26IwQdCuMg==][Q7Sr5hl35n5UtSCkR2M/25PX1e52x2s1Q6gTd/2/RmW85f0tOIAdLSkbZV5ChlJyHicc5yWPtF2/rsYr4qu85A==][gSMbHt4RKZODAPYZOaK7K0YMiiqtK6s7efQDMH10xz5vUXa4rUNZz+XvhQmlnKa0ZtQsAd5DGMhyspEjwHE5sQ==]}
{"logTime": "1001/215800", "correlationVector":"TCDjkj1OcyvCwYHmwZ2UE1.2","action":"EncryptionKeysManager::SetEncryptionKeysWithTimestamps:", "result":"Success", "context":Key timestamps[8]:[2022-09-17T15:47:34Z][2022-09-25T00:11:56Z][2023-03-24T07:51:53Z][2023-09-21T05:46:57Z][2024-03-19T21:11:08Z][2024-09-16T17:11:05Z][2025-03-19T22:23:37Z][2025-04-08T03:25:52Z]}
{"logTime": "1001/215800", "correlationVector":"6reNeqp7n3PxoMKQRsXpMf","action":"Initial GetUpdates", "result":"", "context":Reason: NEW_CLIENT. cV=6reNeqp7n3PxoMKQRsXpMf}
{"logTime": "1001/215800", "correlationVector":"6reNeqp7n3PxoMKQRsXpMf.3","action":"GetUpdates Response", "result":"Success", "context":Received 1 update(s). cV=6reNeqp7n3PxoMKQRsXpMf.0;server=akswtt103000000;cloudType=Consumer;environment=Prod_westus2_prod-s01-035-nam-westus2;migrationStage=NotStarted}
{"logTime": "1001/215800", "correlationVector":"CMWafA+KTrEuACpkoxuIX3","action":"Initial GetUpdates", "result":"", "context":Reason: NEWLY_SUPPORTED_DATATYPE. cV=CMWafA+KTrEuACpkoxuIX3}
{"logTime": "1001/215801", "correlationVector":"CMWafA+KTrEuACpkoxuIX3.1","action":"SyncServerConnectionManagerRequest", "result":"SYNC_SERVER_OK", "context":{"environment":"Prod_westus2_prod-s01-035-nam-westus2", "migrationStage":"NotStarted", "server":"akswtt103000007"}}
{"logTime": "1001/215801", "correlationVector":"CMWafA+KTrEuACpkoxuIX3.2","action":"ProcessGetUpdates", "result":"Done", "context":{"dataType":"Preferences", "deleted":"0", "process_failed_to_decrypt":"0", "process_pending_decryption":"0", "process_success":"74", "total":"74"}}
{"logTime": "1001/215801", "correlationVector":"CMWafA+KTrEuACpkoxuIX3.3","action":"ProcessGetUpdates", "result":"Done", "context":{"dataType":"Passwords", "deleted":"0", "process_failed_to_decrypt":"0", "process_pending_decryption":"0", "process_success":"105", "total":"105"}}
{"logTime": "1001/215801", "correlationVector":"CMWafA+KTrEuACpkoxuIX3.4","action":"ProcessGetUpdates", "result":"Done", "context":{"dataType":"Device Info", "deleted":"0", "process_failed_to_decrypt":"0", "process_pending_decryption":"0", "process_success":"15", "total":"15"}}
{"logTime": "1001/215801", "correlationVector":"CMWafA+KTrEuACpkoxuIX3.5","action":"GetUpdates Response", "result":"Success", "context":Received 194 update(s). cV=CMWafA+KTrEuACpkoxuIX3.0;server=akswtt103000007;cloudType=Consumer;environment=Prod_westus2_prod-s01-035-nam-westus2;migrationStage=NotStarted}
{"logTime": "1001/215801", "correlationVector":"T8vm4w0d7km38EhaVJo7bc","action":"Initial GetUpdates", "result":"", "context":Reason: NEWLY_SUPPORTED_DATATYPE. cV=T8vm4w0d7km38EhaVJo7bc}
{"logTime": "1001/215801", "correlationVector":"T8vm4w0d7km38EhaVJo7bc.1","action":"SyncServerConnectionManagerRequest", "result":"SYNC_SERVER_OK", "context":{"environment":"Prod_westus2_prod-s01-035-nam-westus2", "migrationStage":"NotStarted", "server":"akswtt103000011"}}
{"logTime": "1001/215801", "correlationVector":"T8vm4w0d7km38EhaVJo7bc.2","action":"ProcessGetUpdates", "result":"Done", "context":{"dataType":"Bookmarks", "deleted":"0", "process_failed_to_decrypt":"0", "process_pending_decryption":"0", "process_success":"250", "total":"250"}}
{"logTime": "1001/215801", "correlationVector":"T8vm4w0d7km38EhaVJo7bc.3","action":"GetUpdates Response", "result":"Success", "context":Received 250 update(s). cV=T8vm4w0d7km38EhaVJo7bc.0;server=akswtt103000011;cloudType=Consumer;environment=Prod_westus2_prod-s01-035-nam-westus2;migrationStage=NotStarted Some updates remain.}
{"logTime": "1001/215801", "correlationVector":"bIeuD2HAsvtOnyICczRudb","action":"Initial GetUpdates", "result":"", "context":Reason: NEWLY_SUPPORTED_DATATYPE. cV=bIeuD2HAsvtOnyICczRudb}
{"logTime": "1001/215802", "correlationVector":"bIeuD2HAsvtOnyICczRudb.1","action":"SyncServerConnectionManagerRequest", "result":"SYNC_SERVER_OK", "context":{"environment":"Prod_westus2_prod-s01-035-nam-westus2", "migrationStage":"NotStarted", "server":"akswtt10300000t"}}
{"logTime": "1001/215802", "correlationVector":"bIeuD2HAsvtOnyICczRudb.2","action":"ProcessGetUpdates", "result":"Done", "context":{"dataType":"Bookmarks", "deleted":"0", "process_failed_to_decrypt":"0", "process_pending_decryption":"0", "process_success":"16", "total":"16"}}
{"logTime": "1001/215802", "correlationVector":"bIeuD2HAsvtOnyICczRudb.3","action":"GetUpdates Response", "result":"Success", "context":Received 16 update(s). cV=bIeuD2HAsvtOnyICczRudb.0;server=akswtt10300000t;cloudType=Consumer;environment=Prod_westus2_prod-s01-035-nam-westus2;migrationStage=NotStarted}
{"logTime": "1001/215802", "correlationVector":"Yam4Hc+GUbSHSnUQODquWc","action":"Initial GetUpdates", "result":"", "context":Reason: NEWLY_SUPPORTED_DATATYPE. cV=Yam4Hc+GUbSHSnUQODquWc}
{"logTime": "1001/215802", "correlationVector":"Yam4Hc+GUbSHSnUQODquWc.1","action":"SyncServerConnectionManagerRequest", "result":"SYNC_SERVER_OK", "context":{"environment":"Prod_westus2_prod-s01-035-nam-westus2", "migrationStage":"NotStarted", "server":"akswtt10300000d"}}
{"logTime": "1001/215802", "correlationVector":"Yam4Hc+GUbSHSnUQODquWc.2","action":"ProcessGetUpdates", "result":"Done", "context":{"dataType":"Autofill Profiles", "deleted":"0", "process_failed_to_decrypt":"0", "process_pending_decryption":"0", "process_success":"2", "total":"2"}}
{"logTime": "1001/215802", "correlationVector":"Yam4Hc+GUbSHSnUQODquWc.3","action":"ProcessGetUpdates", "result":"Done", "context":{"dataType":"Autofill", "deleted":"0", "process_failed_to_decrypt":"0", "process_pending_decryption":"0", "process_success":"223", "total":"223"}}
{"logTime": "1001/215802", "correlationVector":"Yam4Hc+GUbSHSnUQODquWc.4","action":"ProcessGetUpdates", "result":"Done", "context":{"dataType":"Extensions", "deleted":"0", "process_failed_to_decrypt":"0", "process_pending_decryption":"0", "process_success":"3", "total":"3"}}
{"logTime": "1001/215802", "correlationVector":"Yam4Hc+GUbSHSnUQODquWc.5","action":"ProcessGetUpdates", "result":"Done", "context":{"dataType":"Extension settings", "deleted":"0", "process_failed_to_decrypt":"0", "process_pending_decryption":"0", "process_success":"22", "total":"22"}}
{"logTime": "1001/215802", "correlationVector":"Yam4Hc+GUbSHSnUQODquWc.6","action":"GetUpdates Response", "result":"Success", "context":Received 250 update(s). cV=Yam4Hc+GUbSHSnUQODquWc.0;server=akswtt10300000d;cloudType=Consumer;environment=Prod_westus2_prod-s01-035-nam-westus2;migrationStage=NotStarted Some updates remain.}
{"logTime": "1001/215802", "correlationVector":"webpgnmQQ1n0NSVhks0q2I","action":"Initial GetUpdates", "result":"", "context":Reason: NEWLY_SUPPORTED_DATATYPE. cV=webpgnmQQ1n0NSVhks0q2I}
{"logTime": "1001/215803", "correlationVector":"webpgnmQQ1n0NSVhks0q2I.1","action":"SyncServerConnectionManagerRequest", "result":"SYNC_SERVER_OK", "context":{"environment":"Prod_westus2_prod-s01-035-nam-westus2", "migrationStage":"NotStarted", "server":"akswtt10300000r"}}
{"logTime": "1001/215803", "correlationVector":"webpgnmQQ1n0NSVhks0q2I.2","action":"ProcessGetUpdates", "result":"Done", "context":{"dataType":"Autofill", "deleted":"0", "process_failed_to_decrypt":"0", "process_pending_decryption":"0", "process_success":"67", "total":"67"}}
{"logTime": "1001/215803", "correlationVector":"webpgnmQQ1n0NSVhks0q2I.3","action":"ProcessGetUpdates", "result":"Done", "context":{"dataType":"Extensions", "deleted":"0", "process_failed_to_decrypt":"0", "process_pending_decryption":"0", "process_success":"2", "total":"2"}}
{"logTime": "1001/215803", "correlationVector":"webpgnmQQ1n0NSVhks0q2I.4","action":"ProcessGetUpdates", "result":"Done", "context":{"dataType":"Sessions", "deleted":"5", "process_failed_to_decrypt":"0", "process_pending_decryption":"0", "process_success":"7", "total":"7"}}
{"logTime": "1001/215803", "correlationVector":"webpgnmQQ1n0NSVhks0q2I.5","action":"ProcessGetUpdates", "result":"Done", "context":{"dataType":"Edge Hub App Usage", "deleted":"0", "process_failed_to_decrypt":"0", "process_pending_decryption":"0", "process_success":"1", "total":"1"}}
{"logTime": "1001/215803", "correlationVector":"webpgnmQQ1n0NSVhks0q2I.6","action":"GetUpdates Response", "result":"Success", "context":Received 77 update(s). cV=webpgnmQQ1n0NSVhks0q2I.0;server=akswtt10300000r;cloudType=Consumer;environment=Prod_westus2_prod-s01-035-nam-westus2;migrationStage=NotStarted}
{"logTime": "1001/215803", "correlationVector":"tO5CBh4dv68waRLlftySlj","action":"Initial GetUpdates", "result":"", "context":Reason: NEWLY_SUPPORTED_DATATYPE. cV=tO5CBh4dv68waRLlftySlj}
{"logTime": "1001/215803", "correlationVector":"tO5CBh4dv68waRLlftySlj.1","action":"SyncServerConnectionManagerRequest", "result":"SYNC_SERVER_OK", "context":{"environment":"Prod_westus2_prod-s01-035-nam-westus2", "migrationStage":"NotStarted", "server":"akswtt10300000o"}}
{"logTime": "1001/215803", "correlationVector":"tO5CBh4dv68waRLlftySlj.2","action":"ProcessGetUpdates", "result":"Done", "context":{"dataType":"History", "deleted":"0", "process_failed_to_decrypt":"0", "process_pending_decryption":"0", "process_success":"8", "total":"8"}}
{"logTime": "1001/215803", "correlationVector":"tO5CBh4dv68waRLlftySlj.3","action":"GetUpdates Response", "result":"Success", "context":Received 8 update(s). cV=tO5CBh4dv68waRLlftySlj.0;server=akswtt10300000o;cloudType=Consumer;environment=Prod_westus2_prod-s01-035-nam-westus2;migrationStage=NotStarted}
{"logTime": "1001/215803", "correlationVector":"6uVUk7AAmMrif3uBuHyHvM","action":"Normal GetUpdate request", "result":"", "context":cV=6uVUk7AAmMrif3uBuHyHvM
Nudged types: Sessions, Device Info, User Consents
Refresh requested types: Bookmarks, Preferences, Passwords, Autofill Profiles, Autofill, Extensions, Sessions, Extension settings, History Delete Directives, Device Info, User Consents, Send Tab To Self, Web Apps, History, Saved Tab Group, WebAuthn Credentials, Collection, Edge E Drop, Edge Hub App Usage, Edge Wallet, Encryption Keys}
{"logTime": "1001/215804", "correlationVector":"6uVUk7AAmMrif3uBuHyHvM.1","action":"SyncServerConnectionManagerRequest", "result":"SYNC_SERVER_OK", "context":{"environment":"Prod_westus2_prod-s01-035-nam-westus2", "migrationStage":"NotStarted", "server":"akswtt103000001"}}
{"logTime": "1001/215804", "correlationVector":"6uVUk7AAmMrif3uBuHyHvM.2","action":"GetUpdates Response", "result":"Success", "context":Received 0 update(s). cV=6uVUk7AAmMrif3uBuHyHvM.0;server=akswtt103000001;cloudType=Consumer;environment=Prod_westus2_prod-s01-035-nam-westus2;migrationStage=NotStarted}
{"logTime": "1001/215804", "correlationVector":"p1faTzbPx+Lq1bcuRojWRA","action":"DoCompareDataConsistency: ", "result":"has local changes and skip compare"}
{"logTime": "1001/215804", "correlationVector":"a6gpWLdOr7DrF1TgAZtY1K","action":"Commit Request", "result":"", "context":Item count: 6
Contributing types: Sessions, Device Info, User Consents, History}
{"logTime": "1001/215804", "correlationVector":"a6gpWLdOr7DrF1TgAZtY1K.1","action":"SyncServerConnectionManagerRequest", "result":"SYNC_SERVER_OK", "context":{"environment":"Prod_westus2_prod-s01-035-nam-westus2", "migrationStage":"NotStarted", "server":"akswtt103000007"}}
{"logTime": "1001/215804", "correlationVector":"a6gpWLdOr7DrF1TgAZtY1K.2","action":"Commit Response", "result":"Success", "context":Result: Success. cV=a6gpWLdOr7DrF1TgAZtY1K.0;server=akswtt103000007;cloudType=Consumer;environment=Prod_westus2_prod-s01-035-nam-westus2;migrationStage=NotStarted}
{"logTime": "1001/215830", "correlationVector":"3LwWgpc1kvZySRFeb82dEy","action":"Commit Request", "result":"", "context":Item count: 4
Contributing types: Preferences, Sessions, History}
{"logTime": "1001/215830", "correlationVector":"3LwWgpc1kvZySRFeb82dEy.1","action":"SyncServerConnectionManagerRequest", "result":"SYNC_SERVER_OK", "context":{"environment":"Prod_westus2_prod-s01-035-nam-westus2", "migrationStage":"NotStarted", "server":"akswtt10300000r"}}
{"logTime": "1001/215830", "correlationVector":"3LwWgpc1kvZySRFeb82dEy.2","action":"Commit Response", "result":"Success", "context":Result: Success. cV=3LwWgpc1kvZySRFeb82dEy.0;server=akswtt10300000r;cloudType=Consumer;environment=Prod_westus2_prod-s01-035-nam-westus2;migrationStage=NotStarted}
{"logTime": "1001/215834", "correlationVector":"wyoQgE2XXiKFVOZfBF+Q4T","action":"Commit Request", "result":"", "context":Item count: 1
Contributing types: Preferences}
{"logTime": "1001/215834", "correlationVector":"wyoQgE2XXiKFVOZfBF+Q4T.1","action":"SyncServerConnectionManagerRequest", "result":"SYNC_SERVER_OK", "context":{"environment":"Prod_westus2_prod-s01-035-nam-westus2", "migrationStage":"NotStarted", "server":"akswtt10300000t"}}
{"logTime": "1001/215834", "correlationVector":"wyoQgE2XXiKFVOZfBF+Q4T.2","action":"Commit Response", "result":"Success", "context":Result: Success. cV=wyoQgE2XXiKFVOZfBF+Q4T.0;server=akswtt10300000t;cloudType=Consumer;environment=Prod_westus2_prod-s01-035-nam-westus2;migrationStage=NotStarted}
{"logTime": "1001/215858", "correlationVector":"AE94uQ4QKxRi5n/GLV5zuh","action":"Commit Request", "result":"", "context":Item count: 40
Contributing types: Passwords}
{"logTime": "1001/215900", "correlationVector":"AE94uQ4QKxRi5n/GLV5zuh","action":"SyncServerConnectionManagerRequest", "result":"CONNECTION_UNAVAILABLE", "context":{"error_type":"net_error_code", "error_value":"-3"}}
